2018-02-22 02:41:10,186 INFO o.a.j.u.JMeterUtils: Setting Locale to en_US
2018-02-22 02:41:10,213 INFO o.a.j.JMeter: Loading user properties from: /root/.bzt/jmeter-taurus/3.3/bin/user.properties
2018-02-22 02:41:10,217 INFO o.a.j.JMeter: Loading system properties from: /root/.bzt/jmeter-taurus/3.3/bin/system.properties
2018-02-22 02:41:10,226 INFO o.a.j.JMeter: Copyright (c) 1998-2017 The Apache Software Foundation
2018-02-22 02:41:10,226 INFO o.a.j.JMeter: Version 3.3 r1808647
2018-02-22 02:41:10,226 INFO o.a.j.JMeter: java.version=1.8.0_151
2018-02-22 02:41:10,227 INFO o.a.j.JMeter: java.vm.name=OpenJDK 64-Bit Server VM
2018-02-22 02:41:10,227 INFO o.a.j.JMeter: os.name=Linux
2018-02-22 02:41:10,228 INFO o.a.j.JMeter: os.arch=amd64
2018-02-22 02:41:10,228 INFO o.a.j.JMeter: os.version=4.4.115-boot2docker
2018-02-22 02:41:10,228 INFO o.a.j.JMeter: file.encoding=ANSI_X3.4-1968
2018-02-22 02:41:10,229 INFO o.a.j.JMeter: Max memory     =704643072
2018-02-22 02:41:10,229 INFO o.a.j.JMeter: Available Processors =2
2018-02-22 02:41:10,233 INFO o.a.j.JMeter: Default Locale=English (United States)
2018-02-22 02:41:10,234 INFO o.a.j.JMeter: JMeter  Locale=English (United States)
2018-02-22 02:41:10,235 INFO o.a.j.JMeter: JMeterHome=/root/.bzt/jmeter-taurus/3.3
2018-02-22 02:41:10,235 INFO o.a.j.JMeter: user.dir  =/bzt-configs
2018-02-22 02:41:10,236 INFO o.a.j.JMeter: PWD       =/bzt-configs
2018-02-22 02:41:10,237 INFO o.a.j.JMeter: IP: 172.17.0.2 Name: dc250794ee8e FullName: dc250794ee8e
2018-02-22 02:41:10,238 INFO o.a.j.JMeter: user.classpath=/tmp/artifacts:/bzt-configs
2018-02-22 02:41:10,238 INFO o.a.j.JMeter: Adding to classpath and loader: /tmp/artifacts
2018-02-22 02:41:10,241 INFO o.a.j.JMeter: Adding to classpath and loader: /bzt-configs
2018-02-22 02:41:10,246 INFO o.a.j.s.FileServer: Default base='/bzt-configs'
2018-02-22 02:41:10,246 INFO o.a.j.s.FileServer: Set new base='/bzt-configs'
2018-02-22 02:41:10,403 INFO o.a.j.s.SaveService: Testplan (JMX) version: 2.2. Testlog (JTL) version: 2.2
2018-02-22 02:41:10,418 INFO o.a.j.s.SaveService: Using SaveService properties file encoding UTF-8
2018-02-22 02:41:10,439 INFO o.a.j.s.SaveService: Using SaveService properties version 3.2
2018-02-22 02:41:10,444 INFO o.a.j.s.SaveService: Loading file: /bzt-configs/modified_testit.jmx
2018-02-22 02:41:10,512 INFO o.a.j.p.h.s.HTTPSamplerBase: Parser for text/html is org.apache.jmeter.protocol.http.parser.LagartoBasedHtmlParser
2018-02-22 02:41:10,513 INFO o.a.j.p.h.s.HTTPSamplerBase: Parser for application/xhtml+xml is org.apache.jmeter.protocol.http.parser.LagartoBasedHtmlParser
2018-02-22 02:41:10,514 INFO o.a.j.p.h.s.HTTPSamplerBase: Parser for application/xml is org.apache.jmeter.protocol.http.parser.LagartoBasedHtmlParser
2018-02-22 02:41:10,515 INFO o.a.j.p.h.s.HTTPSamplerBase: Parser for text/xml is org.apache.jmeter.protocol.http.parser.LagartoBasedHtmlParser
2018-02-22 02:41:10,517 INFO o.a.j.p.h.s.HTTPSamplerBase: Parser for text/vnd.wap.wml is org.apache.jmeter.protocol.http.parser.RegexpHTMLParser
2018-02-22 02:41:10,517 INFO o.a.j.p.h.s.HTTPSamplerBase: Parser for text/css is org.apache.jmeter.protocol.http.parser.CssParser
2018-02-22 02:41:10,597 INFO o.a.j.e.StandardJMeterEngine: Running the test!
2018-02-22 02:41:10,600 INFO o.a.j.s.SampleEvent: List of sample_variables: []
2018-02-22 02:41:10,600 INFO o.a.j.s.SampleEvent: List of sample_variables: []
2018-02-22 02:41:10,616 INFO o.a.j.e.u.CompoundVariable: Note: Function class names must contain the string: '.functions.'
2018-02-22 02:41:10,618 INFO o.a.j.e.u.CompoundVariable: Note: Function class names must not contain the string: '.gui.'
2018-02-22 02:41:11,463 INFO o.a.j.JMeter: Running test (1519267271463)
2018-02-22 02:41:11,615 INFO o.a.j.e.StandardJMeterEngine: Starting ThreadGroup: 1 : Example Thread Group (Stop Thread On Error)
2018-02-22 02:41:11,619 INFO o.a.j.e.StandardJMeterEngine: Starting 20 threads for group Example Thread Group (Stop Thread On Error).
2018-02-22 02:41:11,620 INFO o.a.j.e.StandardJMeterEngine: Thread will continue on error
2018-02-22 02:41:11,627 INFO o.a.j.e.StandardJMeterEngine: All thread groups have been started
2018-02-22 02:41:11,628 INFO c.b.j.t.c.ConcurrencyThreadStarter: Start supplying threads
2018-02-22 02:41:12,388 INFO o.a.j.t.JMeterThread: Thread started: Example Thread Group (Stop Thread On Error) 1-1
2018-02-22 02:41:12,389 INFO o.a.j.s.SampleResult: Note: Sample TimeStamps are START times
2018-02-22 02:41:12,391 INFO o.a.j.s.SampleResult: sampleresult.default.encoding is set to UTF-8
2018-02-22 02:41:12,391 INFO o.a.j.s.SampleResult: sampleresult.useNanoTime=true
2018-02-22 02:41:12,394 INFO o.a.j.s.SampleResult: sampleresult.nanoThreadSleep=5000
2018-02-22 02:41:14,430 INFO o.a.j.t.JMeterThread: Thread started: Example Thread Group (Stop Thread On Error) 1-2
2018-02-22 02:41:15,444 INFO o.a.j.t.JMeterThread: Thread started: Example Thread Group (Stop Thread On Error) 1-3
2018-02-22 02:41:17,441 INFO o.a.j.t.JMeterThread: Thread started: Example Thread Group (Stop Thread On Error) 1-4
2018-02-22 02:41:17,930 INFO o.a.j.p.h.s.HTTPHCAbstractImpl: Local host = dc250794ee8e
2018-02-22 02:41:17,953 INFO o.a.j.p.h.s.HTTPHC4Impl: HTTP request retry count = 0
2018-02-22 02:41:18,129 INFO o.a.j.p.h.p.BaseParser: Created org.apache.jmeter.protocol.http.parser.LagartoBasedHtmlParser
2018-02-22 02:41:18,444 INFO o.a.j.t.JMeterThread: Thread started: Example Thread Group (Stop Thread On Error) 1-5
2018-02-22 02:41:20,442 INFO o.a.j.t.JMeterThread: Thread started: Example Thread Group (Stop Thread On Error) 1-6
2018-02-22 02:41:21,445 INFO o.a.j.t.JMeterThread: Thread started: Example Thread Group (Stop Thread On Error) 1-7
2018-02-22 02:41:23,448 INFO o.a.j.t.JMeterThread: Thread started: Example Thread Group (Stop Thread On Error) 1-8
2018-02-22 02:41:24,448 INFO o.a.j.t.JMeterThread: Thread started: Example Thread Group (Stop Thread On Error) 1-9
2018-02-22 02:41:26,451 INFO o.a.j.t.JMeterThread: Thread started: Example Thread Group (Stop Thread On Error) 1-10
2018-02-22 02:41:27,456 INFO o.a.j.t.JMeterThread: Thread started: Example Thread Group (Stop Thread On Error) 1-11
2018-02-22 02:41:29,460 INFO o.a.j.t.JMeterThread: Thread started: Example Thread Group (Stop Thread On Error) 1-12
2018-02-22 02:41:30,464 INFO o.a.j.t.JMeterThread: Thread started: Example Thread Group (Stop Thread On Error) 1-13
2018-02-22 02:41:32,465 INFO o.a.j.t.JMeterThread: Thread started: Example Thread Group (Stop Thread On Error) 1-14
2018-02-22 02:41:33,469 INFO o.a.j.t.JMeterThread: Thread started: Example Thread Group (Stop Thread On Error) 1-15
2018-02-22 02:41:35,471 INFO o.a.j.t.JMeterThread: Thread started: Example Thread Group (Stop Thread On Error) 1-16
2018-02-22 02:41:36,472 INFO o.a.j.t.JMeterThread: Thread started: Example Thread Group (Stop Thread On Error) 1-17
2018-02-22 02:41:38,475 INFO o.a.j.t.JMeterThread: Thread started: Example Thread Group (Stop Thread On Error) 1-18
2018-02-22 02:41:39,478 INFO o.a.j.t.JMeterThread: Thread started: Example Thread Group (Stop Thread On Error) 1-19
2018-02-22 02:41:41,479 INFO o.a.j.t.JMeterThread: Thread started: Example Thread Group (Stop Thread On Error) 1-20
2018-02-22 02:41:42,480 INFO c.b.j.t.c.ConcurrencyThreadStarter: Done supplying threads
2018-02-22 02:41:42,635 INFO o.a.j.t.JMeterThread: Thread is done: Example Thread Group (Stop Thread On Error) 1-16
2018-02-22 02:41:42,635 INFO o.a.j.t.JMeterThread: Thread finished: Example Thread Group (Stop Thread On Error) 1-16
2018-02-22 02:41:42,861 INFO o.a.j.t.JMeterThread: Thread is done: Example Thread Group (Stop Thread On Error) 1-5
2018-02-22 02:41:42,862 INFO o.a.j.t.JMeterThread: Thread finished: Example Thread Group (Stop Thread On Error) 1-5
2018-02-22 02:41:43,767 INFO o.a.j.t.JMeterThread: Thread is done: Example Thread Group (Stop Thread On Error) 1-3
2018-02-22 02:41:43,768 INFO o.a.j.t.JMeterThread: Thread finished: Example Thread Group (Stop Thread On Error) 1-3
2018-02-22 02:41:44,066 INFO o.a.j.t.JMeterThread: Thread is done: Example Thread Group (Stop Thread On Error) 1-9
2018-02-22 02:41:44,067 INFO o.a.j.t.JMeterThread: Thread finished: Example Thread Group (Stop Thread On Error) 1-9
2018-02-22 02:41:45,012 INFO o.a.j.t.JMeterThread: Thread is done: Example Thread Group (Stop Thread On Error) 1-19
2018-02-22 02:41:45,012 INFO o.a.j.t.JMeterThread: Thread finished: Example Thread Group (Stop Thread On Error) 1-19
2018-02-22 02:41:45,055 INFO o.a.j.t.JMeterThread: Thread is done: Example Thread Group (Stop Thread On Error) 1-8
2018-02-22 02:41:45,056 INFO o.a.j.t.JMeterThread: Thread finished: Example Thread Group (Stop Thread On Error) 1-8
2018-02-22 02:41:45,361 INFO o.a.j.t.JMeterThread: Thread is done: Example Thread Group (Stop Thread On Error) 1-15
2018-02-22 02:41:45,362 INFO o.a.j.t.JMeterThread: Thread finished: Example Thread Group (Stop Thread On Error) 1-15
2018-02-22 02:41:45,954 INFO o.a.j.t.JMeterThread: Thread is done: Example Thread Group (Stop Thread On Error) 1-14
2018-02-22 02:41:45,954 INFO o.a.j.t.JMeterThread: Thread finished: Example Thread Group (Stop Thread On Error) 1-14
2018-02-22 02:41:45,988 INFO o.a.j.t.JMeterThread: Thread is done: Example Thread Group (Stop Thread On Error) 1-20
2018-02-22 02:41:45,989 INFO o.a.j.t.JMeterThread: Thread finished: Example Thread Group (Stop Thread On Error) 1-20
2018-02-22 02:41:46,125 INFO o.a.j.t.JMeterThread: Thread is done: Example Thread Group (Stop Thread On Error) 1-18
2018-02-22 02:41:46,126 INFO o.a.j.t.JMeterThread: Thread finished: Example Thread Group (Stop Thread On Error) 1-18
2018-02-22 02:41:46,997 INFO o.a.j.t.JMeterThread: Thread is done: Example Thread Group (Stop Thread On Error) 1-11
2018-02-22 02:41:46,998 INFO o.a.j.t.JMeterThread: Thread finished: Example Thread Group (Stop Thread On Error) 1-11
2018-02-22 02:41:47,300 INFO o.a.j.t.JMeterThread: Thread is done: Example Thread Group (Stop Thread On Error) 1-2
2018-02-22 02:41:47,302 INFO o.a.j.t.JMeterThread: Thread finished: Example Thread Group (Stop Thread On Error) 1-2
2018-02-22 02:41:47,871 INFO o.a.j.t.JMeterThread: Thread is done: Example Thread Group (Stop Thread On Error) 1-7
2018-02-22 02:41:47,871 INFO o.a.j.t.JMeterThread: Thread finished: Example Thread Group (Stop Thread On Error) 1-7
2018-02-22 02:41:49,080 INFO o.a.j.t.JMeterThread: Thread is done: Example Thread Group (Stop Thread On Error) 1-10
2018-02-22 02:41:49,080 INFO o.a.j.t.JMeterThread: Thread finished: Example Thread Group (Stop Thread On Error) 1-10
2018-02-22 02:41:49,711 INFO o.a.j.t.JMeterThread: Thread is done: Example Thread Group (Stop Thread On Error) 1-17
2018-02-22 02:41:49,711 INFO o.a.j.t.JMeterThread: Thread finished: Example Thread Group (Stop Thread On Error) 1-17
2018-02-22 02:41:50,740 INFO o.a.j.t.JMeterThread: Thread is done: Example Thread Group (Stop Thread On Error) 1-1
2018-02-22 02:41:50,741 INFO o.a.j.t.JMeterThread: Thread finished: Example Thread Group (Stop Thread On Error) 1-1
2018-02-22 02:41:50,844 INFO o.a.j.t.JMeterThread: Thread is done: Example Thread Group (Stop Thread On Error) 1-12
2018-02-22 02:41:50,844 INFO o.a.j.t.JMeterThread: Thread finished: Example Thread Group (Stop Thread On Error) 1-12
2018-02-22 02:41:51,183 INFO o.a.j.t.JMeterThread: Thread is done: Example Thread Group (Stop Thread On Error) 1-4
2018-02-22 02:41:51,183 INFO o.a.j.t.JMeterThread: Thread finished: Example Thread Group (Stop Thread On Error) 1-4
2018-02-22 02:41:53,490 INFO o.a.j.t.JMeterThread: Thread is done: Example Thread Group (Stop Thread On Error) 1-13
2018-02-22 02:41:53,491 INFO o.a.j.t.JMeterThread: Thread finished: Example Thread Group (Stop Thread On Error) 1-13
2018-02-22 02:41:56,366 INFO o.a.j.t.JMeterThread: Thread is done: Example Thread Group (Stop Thread On Error) 1-6
2018-02-22 02:41:56,366 INFO o.a.j.t.JMeterThread: Thread finished: Example Thread Group (Stop Thread On Error) 1-6
2018-02-22 02:41:56,367 INFO o.a.j.e.StandardJMeterEngine: Notifying test listeners of end of test
2018-02-22 02:41:56,369 INFO o.a.j.e.StandardJMeterEngine: Forced JVM shutdown requested at end of test
